<?xml version="1.0" encoding="UTF-8"?>
<!-- Generated by org.testng.reporters.JUnitXMLReporter -->
<testsuite ignored="0" hostname="SHWETA" failures="1" tests="7" name="FirefoxTests" time="147.652" errors="0" timestamp="2026-01-16T00:34:50 IST">
  <testcase classname="tests.LoginTest" name="verifyLoginWithMultipleUsers" time="20.881">
    <skipped/>
  </testcase> <!-- verifyLoginWithMultipleUsers -->
  <testcase classname="tests.ProductsTest" name="verifyProductSearch" time="10.501">
    <skipped/>
  </testcase> <!-- verifyProductSearch -->
  <testcase classname="tests.ProductsTest" name="verifyProductSearch" time="5.64"/>
  <testcase classname="tests.LoginTest" name="verifyLoginWithMultipleUsers" time="14.647">
    <skipped/>
  </testcase> <!-- verifyLoginWithMultipleUsers -->
  <testcase classname="tests.LoginTest" name="verifyLoginWithMultipleUsers" time="15.87">
    <failure type="org.openqa.selenium.TimeoutException" message="Expected condition failed: waiting for visibility of element located by By.xpath: //*[contains(text(),&amp;apos;Logged in as&amp;apos;)] (tried for 10 second(s) with 500 milliseconds interval)
Build info: version: &amp;apos;4.20.0&amp;apos;, revision: &amp;apos;866c76ca80&amp;apos;
System info: os.name: &amp;apos;Windows 11&amp;apos;, os.arch: &amp;apos;amd64&amp;apos;, os.version: &amp;apos;10.0&amp;apos;, java.version: &amp;apos;21.0.9&amp;apos;
Driver info: org.openqa.selenium.firefox.FirefoxDriver
Capabilities {acceptInsecureCerts: true, browserName: firefox, browserVersion: 146.0.1, moz:accessibilityChecks: false, moz:buildID: 20251217121356, moz:geckodriverVersion: 0.36.0, moz:headless: false, moz:platformVersion: 10.0, moz:processID: 25784, moz:profile: C:\Users\trnkm\AppData\Loca..., moz:shutdownTimeout: 60000, moz:webdriverClick: true, moz:windowless: false, pageLoadStrategy: normal, platformName: windows, proxy: Proxy(), setWindowRect: true, strictFileInteractability: false, timeouts: {implicit: 0, pageLoad: 300000, script: 30000}, unhandledPromptBehavior: dismiss and notify, userAgent: Mozilla/5.0 (Windows NT 10....}
Session ID: 733e1e0c-e405-4b71-bb28-e9708afd00b9">
      <![CDATA[org.openqa.selenium.TimeoutException: Expected condition failed: waiting for visibility of element located by By.xpath: //*[contains(text(),'Logged in as')] (tried for 10 second(s) with 500 milliseconds interval)
Build info: version: '4.20.0', revision: '866c76ca80'
System info: os.name: 'Windows 11', os.arch: 'amd64', os.version: '10.0', java.version: '21.0.9'
Driver info: org.openqa.selenium.firefox.FirefoxDriver
Capabilities {acceptInsecureCerts: true, browserName: firefox, browserVersion: 146.0.1, moz:accessibilityChecks: false, moz:buildID: 20251217121356, moz:geckodriverVersion: 0.36.0, moz:headless: false, moz:platformVersion: 10.0, moz:processID: 25784, moz:profile: C:\Users\trnkm\AppData\Loca..., moz:shutdownTimeout: 60000, moz:webdriverClick: true, moz:windowless: false, pageLoadStrategy: normal, platformName: windows, proxy: Proxy(), setWindowRect: true, strictFileInteractability: false, timeouts: {implicit: 0, pageLoad: 300000, script: 30000}, unhandledPromptBehavior: dismiss and notify, userAgent: Mozilla/5.0 (Windows NT 10....}
Session ID: 733e1e0c-e405-4b71-bb28-e9708afd00b9
at org.openqa.selenium.support.ui.WebDriverWait.timeoutException(WebDriverWait.java:84)
at org.openqa.selenium.support.ui.FluentWait.until(FluentWait.java:228)
at utils.WaitUtil.waitForElementVisible(WaitUtil.java:19)
at pages.LoginPage.isUserLoggedIn(LoginPage.java:34)
at tests.LoginTest.verifyLoginWithMultipleUsers(LoginTest.java:24)
at java.base/java.util.concurrent.Executors$RunnableAdapter.call(Executors.java:572)
at java.base/java.util.concurrent.FutureTask.run(FutureTask.java:317)
at java.base/java.util.concurrent.ThreadPoolExecutor.runWorker(ThreadPoolExecutor.java:1144)
at java.base/java.util.concurrent.ThreadPoolExecutor$Worker.run(ThreadPoolExecutor.java:642)
at java.base/java.lang.Thread.run(Thread.java:1583)
... Removed 11 stack frames]]>
    </failure>
  </testcase> <!-- verifyLoginWithMultipleUsers -->
  <testcase classname="tests.LoginTest" name="verifyLoginWithMultipleUsers" time="4.428"/>
  <testcase classname="tests.LoginTest" name="verifyLoginWithMultipleUsers" time="3.552"/>
</testsuite> <!-- FirefoxTests -->
