<?xml version="1.0" encoding="UTF-8"?>
<!-- Generated by org.testng.reporters.JUnitReportReporter -->
<testsuite hostname="SHWETA" failures="0" tests="3" name="tests.ProductsTest" time="56.817" errors="0" timestamp="2026-01-16T00:34:50 IST" skipped="1">
  <testcase classname="tests.ProductsTest" name="verifyProductSearch" time="13.701"/>
  <testcase classname="tests.ProductsTest" name="verifyProductSearch" time="13.631"/>
  <testcase classname="tests.ProductsTest" name="verifyProductSearch" time="29.485">
    <skipped/>
  </testcase> <!-- verifyProductSearch -->
</testsuite> <!-- tests.ProductsTest -->
